SF:lib\shared\models\api_response.model.dart
DA:9,1
DA:11,2
DA:12,1
DA:13,1
DA:14,1
DA:15,1
DA:18,0
DA:19,0
DA:20,0
DA:21,0
DA:22,0
DA:30,1
DA:32,2
DA:33,2
DA:34,1
DA:35,3
DA:36,1
DA:39,0
DA:40,0
DA:41,0
LF:20
LH:12
end_of_record
SF:lib\shared\models\character.model.dart
DA:15,2
DA:30,2
DA:31,1
DA:32,2
DA:33,2
DA:34,2
DA:35,2
DA:36,2
DA:37,2
DA:38,2
DA:39,2
DA:40,1
DA:41,3
DA:42,1
DA:43,2
DA:44,3
DA:47,0
DA:48,0
DA:49,0
DA:50,0
DA:51,0
DA:52,0
DA:53,0
DA:54,0
DA:55,0
DA:56,0
DA:57,0
DA:58,0
DA:59,0
DA:67,2
DA:69,2
DA:70,2
DA:71,2
DA:74,0
LF:34
LH:20
end_of_record
SF:lib\features\details\view\details.page.dart
DA:5,1
DA:9,1
DA:10,1
DA:11,1
DA:12,0
DA:16,1
DA:18,4
DA:21,1
DA:22,1
DA:23,6
DA:24,3
DA:25,1
DA:26,2
DA:27,1
DA:28,1
DA:30,3
DA:34,4
DA:35,0
DA:45,1
DA:47,1
DA:48,4
DA:49,1
DA:51,1
DA:53,1
DA:54,1
DA:55,1
DA:56,1
DA:57,1
DA:60,3
DA:61,0
DA:62,1
DA:63,1
DA:71,1
DA:73,1
DA:74,1
DA:75,1
DA:77,1
DA:78,1
DA:80,3
DA:83,1
DA:84,2
DA:85,3
DA:91,1
DA:92,3
DA:93,1
DA:94,2
DA:103,1
DA:106,1
DA:108,1
DA:110,1
DA:111,4
DA:112,1
DA:115,3
DA:117,3
DA:118,3
DA:119,4
DA:120,4
DA:121,1
DA:124,3
DA:127,1
DA:129,3
DA:132,2
DA:143,1
DA:144,1
DA:146,1
DA:148,1
DA:149,1
DA:151,1
DA:152,1
DA:153,3
DA:157,1
DA:158,4
LF:72
LH:69
end_of_record
SF:lib\shared\widgets\card_character.widget.dart
DA:7,1
DA:18,1
DA:20,1
DA:22,1
DA:23,1
DA:25,1
DA:26,0
DA:27,0
DA:28,0
DA:29,0
DA:33,1
DA:34,1
DA:35,1
DA:37,1
DA:39,1
DA:41,1
DA:42,1
DA:44,1
DA:45,1
DA:46,1
DA:49,3
DA:50,0
DA:51,0
DA:53,0
DA:54,0
DA:58,1
DA:59,1
DA:66,1
DA:67,1
DA:70,1
DA:71,1
DA:72,2
DA:73,3
DA:76,1
DA:77,2
DA:78,1
DA:80,3
DA:88,1
DA:89,0
DA:92,0
DA:93,0
LF:41
LH:30
end_of_record
SF:lib\constants\colors.constants.dart
DA:4,0
LF:1
LH:0
end_of_record
